<?xml version="1.0" encoding="UTF-8"?>
<!-- Generated by org.testng.reporters.JUnitReportReporter -->
<testsuite hostname="DESKTOP-835IFT4" failures="0" tests="1" name="WhiteTestRunner.TestRunnerClass" time="21.672" errors="0" timestamp="2023-03-17T23:49:45 BDT" skipped="0">
  <testcase classname="WhiteTestRunner.TestRunnerClass" name="feature" time="21.672"/>
  <system-out/>
</testsuite> <!-- WhiteTestRunner.TestRunnerClass -->
